<?xml version="1.0" encoding="UTF-8"?>
<testsuite xmlns:xsi="http://www.w3.org/2001/XMLSchema-instance" xsi:noNamespaceSchemaLocation="https://maven.apache.org/surefire/maven-surefire-plugin/xsd/surefire-test-report.xsd" name="TestSuite" time="162.302" tests="14" errors="0" skipped="0" failures="0">
  <properties>
    <property name="gopherProxySet" value="false"/>
    <property name="awt.toolkit" value="sun.lwawt.macosx.LWCToolkit"/>
    <property name="java.specification.version" value="10"/>
    <property name="file.encoding.pkg" value="sun.io"/>
    <property name="sun.cpu.isalist" value=""/>
    <property name="sun.jnu.encoding" value="UTF-8"/>
    <property name="java.class.path" value="/Users/fabio/IdeaProjects/cafetownsend/target/test-classes:/Users/fabio/IdeaProjects/cafetownsend/target/classes:/Users/fabio/.m2/repository/org/seleniumhq/selenium/selenium-java/3.14.0/selenium-java-3.14.0.jar:/Users/fabio/.m2/repository/org/seleniumhq/selenium/selenium-api/3.14.0/selenium-api-3.14.0.jar:/Users/fabio/.m2/repository/org/seleniumhq/selenium/selenium-chrome-driver/3.14.0/selenium-chrome-driver-3.14.0.jar:/Users/fabio/.m2/repository/org/seleniumhq/selenium/selenium-edge-driver/3.14.0/selenium-edge-driver-3.14.0.jar:/Users/fabio/.m2/repository/org/seleniumhq/selenium/selenium-firefox-driver/3.14.0/selenium-firefox-driver-3.14.0.jar:/Users/fabio/.m2/repository/org/seleniumhq/selenium/selenium-ie-driver/3.14.0/selenium-ie-driver-3.14.0.jar:/Users/fabio/.m2/repository/org/seleniumhq/selenium/selenium-opera-driver/3.14.0/selenium-opera-driver-3.14.0.jar:/Users/fabio/.m2/repository/org/seleniumhq/selenium/selenium-remote-driver/3.14.0/selenium-remote-driver-3.14.0.jar:/Users/fabio/.m2/repository/org/seleniumhq/selenium/selenium-safari-driver/3.14.0/selenium-safari-driver-3.14.0.jar:/Users/fabio/.m2/repository/org/seleniumhq/selenium/selenium-support/3.14.0/selenium-support-3.14.0.jar:/Users/fabio/.m2/repository/net/bytebuddy/byte-buddy/1.8.15/byte-buddy-1.8.15.jar:/Users/fabio/.m2/repository/org/apache/commons/commons-exec/1.3/commons-exec-1.3.jar:/Users/fabio/.m2/repository/commons-codec/commons-codec/1.10/commons-codec-1.10.jar:/Users/fabio/.m2/repository/commons-logging/commons-logging/1.2/commons-logging-1.2.jar:/Users/fabio/.m2/repository/com/google/guava/guava/25.0-jre/guava-25.0-jre.jar:/Users/fabio/.m2/repository/com/google/code/findbugs/jsr305/1.3.9/jsr305-1.3.9.jar:/Users/fabio/.m2/repository/org/checkerframework/checker-compat-qual/2.0.0/checker-compat-qual-2.0.0.jar:/Users/fabio/.m2/repository/com/google/errorprone/error_prone_annotations/2.1.3/error_prone_annotations-2.1.3.jar:/Users/fabio/.m2/repository/com/google/j2objc/j2objc-annotations/1.1/j2objc-annotations-1.1.jar:/Users/fabio/.m2/repository/org/codehaus/mojo/animal-sniffer-annotations/1.14/animal-sniffer-annotations-1.14.jar:/Users/fabio/.m2/repository/org/apache/httpcomponents/httpclient/4.5.5/httpclient-4.5.5.jar:/Users/fabio/.m2/repository/org/apache/httpcomponents/httpcore/4.4.9/httpcore-4.4.9.jar:/Users/fabio/.m2/repository/com/squareup/okhttp3/okhttp/3.10.0/okhttp-3.10.0.jar:/Users/fabio/.m2/repository/com/squareup/okio/okio/1.14.1/okio-1.14.1.jar:/Users/fabio/.m2/repository/org/testng/testng/6.14.3/testng-6.14.3.jar:/Users/fabio/.m2/repository/com/beust/jcommander/1.72/jcommander-1.72.jar:/Users/fabio/.m2/repository/org/apache-extras/beanshell/bsh/2.0b6/bsh-2.0b6.jar:/Users/fabio/.m2/repository/org/apache/maven/surefire/surefire-testng-utils/2.22.0/surefire-testng-utils-2.22.0.jar:/Users/fabio/.m2/repository/org/apache/maven/surefire/surefire-grouper/2.22.0/surefire-grouper-2.22.0.jar:"/>
    <property name="java.vm.vendor" value="&quot;Oracle Corporation&quot;"/>
    <property name="sun.arch.data.model" value="64"/>
    <property name="java.vendor.url" value="http://java.oracle.com/"/>
    <property name="user.timezone" value=""/>
    <property name="java.vm.specification.version" value="10"/>
    <property name="os.name" value="Mac OS X"/>
    <property name="sun.java.launcher" value="SUN_STANDARD"/>
    <property name="user.country" value="IT"/>
    <property name="sun.boot.library.path" value="/Library/Java/JavaVirtualMachines/jdk-10.0.2.jdk/Contents/Home/lib"/>
    <property name="sun.java.command" value="/Users/fabio/IdeaProjects/cafetownsend/target/surefire/surefirebooter17634612697485063370.jar /Users/fabio/IdeaProjects/cafetownsend/target/surefire 2018-10-08T00-12-37_023-jvmRun1 surefire8094812418373045996tmp surefire_012114741871498107190tmp"/>
    <property name="http.nonProxyHosts" value="local|*.local|169.254/16|*.169.254/16"/>
    <property name="jdk.debug" value="release"/>
    <property name="surefire.test.class.path" value="/Users/fabio/IdeaProjects/cafetownsend/target/test-classes:/Users/fabio/IdeaProjects/cafetownsend/target/classes:/Users/fabio/.m2/repository/org/seleniumhq/selenium/selenium-java/3.14.0/selenium-java-3.14.0.jar:/Users/fabio/.m2/repository/org/seleniumhq/selenium/selenium-api/3.14.0/selenium-api-3.14.0.jar:/Users/fabio/.m2/repository/org/seleniumhq/selenium/selenium-chrome-driver/3.14.0/selenium-chrome-driver-3.14.0.jar:/Users/fabio/.m2/repository/org/seleniumhq/selenium/selenium-edge-driver/3.14.0/selenium-edge-driver-3.14.0.jar:/Users/fabio/.m2/repository/org/seleniumhq/selenium/selenium-firefox-driver/3.14.0/selenium-firefox-driver-3.14.0.jar:/Users/fabio/.m2/repository/org/seleniumhq/selenium/selenium-ie-driver/3.14.0/selenium-ie-driver-3.14.0.jar:/Users/fabio/.m2/repository/org/seleniumhq/selenium/selenium-opera-driver/3.14.0/selenium-opera-driver-3.14.0.jar:/Users/fabio/.m2/repository/org/seleniumhq/selenium/selenium-remote-driver/3.14.0/selenium-remote-driver-3.14.0.jar:/Users/fabio/.m2/repository/org/seleniumhq/selenium/selenium-safari-driver/3.14.0/selenium-safari-driver-3.14.0.jar:/Users/fabio/.m2/repository/org/seleniumhq/selenium/selenium-support/3.14.0/selenium-support-3.14.0.jar:/Users/fabio/.m2/repository/net/bytebuddy/byte-buddy/1.8.15/byte-buddy-1.8.15.jar:/Users/fabio/.m2/repository/org/apache/commons/commons-exec/1.3/commons-exec-1.3.jar:/Users/fabio/.m2/repository/commons-codec/commons-codec/1.10/commons-codec-1.10.jar:/Users/fabio/.m2/repository/commons-logging/commons-logging/1.2/commons-logging-1.2.jar:/Users/fabio/.m2/repository/com/google/guava/guava/25.0-jre/guava-25.0-jre.jar:/Users/fabio/.m2/repository/com/google/code/findbugs/jsr305/1.3.9/jsr305-1.3.9.jar:/Users/fabio/.m2/repository/org/checkerframework/checker-compat-qual/2.0.0/checker-compat-qual-2.0.0.jar:/Users/fabio/.m2/repository/com/google/errorprone/error_prone_annotations/2.1.3/error_prone_annotations-2.1.3.jar:/Users/fabio/.m2/repository/com/google/j2objc/j2objc-annotations/1.1/j2objc-annotations-1.1.jar:/Users/fabio/.m2/repository/org/codehaus/mojo/animal-sniffer-annotations/1.14/animal-sniffer-annotations-1.14.jar:/Users/fabio/.m2/repository/org/apache/httpcomponents/httpclient/4.5.5/httpclient-4.5.5.jar:/Users/fabio/.m2/repository/org/apache/httpcomponents/httpcore/4.4.9/httpcore-4.4.9.jar:/Users/fabio/.m2/repository/com/squareup/okhttp3/okhttp/3.10.0/okhttp-3.10.0.jar:/Users/fabio/.m2/repository/com/squareup/okio/okio/1.14.1/okio-1.14.1.jar:/Users/fabio/.m2/repository/org/testng/testng/6.14.3/testng-6.14.3.jar:/Users/fabio/.m2/repository/com/beust/jcommander/1.72/jcommander-1.72.jar:/Users/fabio/.m2/repository/org/apache-extras/beanshell/bsh/2.0b6/bsh-2.0b6.jar:/Users/fabio/.m2/repository/org/apache/maven/surefire/surefire-testng-utils/2.22.0/surefire-testng-utils-2.22.0.jar:/Users/fabio/.m2/repository/org/apache/maven/surefire/surefire-grouper/2.22.0/surefire-grouper-2.22.0.jar:"/>
    <property name="sun.cpu.endian" value="little"/>
    <property name="user.home" value="/Users/fabio"/>
    <property name="user.language" value="it"/>
    <property name="java.specification.vendor" value="Oracle Corporation"/>
    <property name="java.version.date" value="2018-07-17"/>
    <property name="java.home" value="/Library/Java/JavaVirtualMachines/jdk-10.0.2.jdk/Contents/Home"/>
    <property name="file.separator" value="/"/>
    <property name="basedir" value="/Users/fabio/IdeaProjects/cafetownsend"/>
    <property name="java.vm.compressedOopsMode" value="Zero based"/>
    <property name="line.separator" value="&#10;"/>
    <property name="java.specification.name" value="Java Platform API Specification"/>
    <property name="java.vm.specification.vendor" value="Oracle Corporation"/>
    <property name="java.awt.graphicsenv" value="sun.awt.CGraphicsEnvironment"/>
    <property name="surefire.real.class.path" value="/Users/fabio/IdeaProjects/cafetownsend/target/surefire/surefirebooter17634612697485063370.jar"/>
    <property name="sun.management.compiler" value="HotSpot 64-Bit Tiered Compilers"/>
    <property name="ftp.nonProxyHosts" value="local|*.local|169.254/16|*.169.254/16"/>
    <property name="java.runtime.version" value="10.0.2+13"/>
    <property name="user.name" value="fabio"/>
    <property name="path.separator" value=":"/>
    <property name="os.version" value="10.13.6"/>
    <property name="java.runtime.name" value="Java(TM) SE Runtime Environment"/>
    <property name="file.encoding" value="UTF-8"/>
    <property name="java.vm.name" value="Java HotSpot(TM) 64-Bit Server VM"/>
    <property name="java.vendor.version" value="18.3"/>
    <property name="localRepository" value="/Users/fabio/.m2/repository"/>
    <property name="java.vendor.url.bug" value="http://bugreport.java.com/bugreport/"/>
    <property name="java.io.tmpdir" value="/var/folders/y5/wcc0qm4j5zn5mpn4bp3vftkc0000gn/T/"/>
    <property name="java.version" value="10.0.2"/>
    <property name="user.dir" value="/Users/fabio/IdeaProjects/cafetownsend"/>
    <property name="os.arch" value="x86_64"/>
    <property name="java.vm.specification.name" value="Java Virtual Machine Specification"/>
    <property name="java.awt.printerjob" value="sun.lwawt.macosx.CPrinterJob"/>
    <property name="user.language.format" value="en"/>
    <property name="sun.os.patch.level" value="unknown"/>
    <property name="java.library.path" value="/Users/fabio/Library/Java/Extensions:/Library/Java/Extensions:/Network/Library/Java/Extensions:/System/Library/Java/Extensions:/usr/lib/java:."/>
    <property name="java.vendor" value="Oracle Corporation"/>
    <property name="java.vm.info" value="mixed mode"/>
    <property name="java.vm.version" value="10.0.2+13"/>
    <property name="sun.io.unicode.encoding" value="UnicodeBig"/>
    <property name="java.class.version" value="54.0"/>
    <property name="socksNonProxyHosts" value="local|*.local|169.254/16|*.169.254/16"/>
  </properties>
  <testcase name="loginWithInvalidPasswordNoUsername" classname="login.test.LoginInvalidPasswordNoUsernameTest" time="10.468"/>
  <testcase name="loginWithInvalidUsernameNoPassword" classname="login.test.LoginInvalidUsernameNoPasswordTest" time="8.172"/>
  <testcase name="loginWithInvalidUsernamePassword" classname="login.test.LoginInvalidUsernamePasswordTest" time="7.528"/>
  <testcase name="loginWithInvalidUsernameValidPassword" classname="login.test.LoginInvalidUsernameValidPasswordTest" time="8.104"/>
  <testcase name="LoginWithoutUsernamePasswordTest" classname="login.test.LoginNoUsernamePasswordTest" time="7.334"/>
  <testcase name="loginWithValidPasswordWithoutUsername" classname="login.test.LoginValidPasswordNoUsernameTest" time="7.697"/>
  <testcase name="loginWithValidUsernameInvalidPassword" classname="login.test.LoginValidUsernameInvalidPasswordTest" time="7.325"/>
  <testcase name="loginWithUsername" classname="login.test.LoginValidUsernameNoPasswordTest" time="7.473"/>
  <testcase name="loginWithValidUsernamePassword" classname="login.test.LoginValidUsernamePasswordTest" time="7.307"/>
  <testcase name="employeeAdd" classname="employee.test.EmployeeAddTest" time="17.109"/>
  <testcase name="employeeDetails" classname="employee.test.EmployeeDetailsTest" time="12.034"/>
  <testcase name="employeeEdit" classname="employee.test.EmployeeEditTest" time="16.662"/>
  <testcase name="employeeDelete" classname="employee.test.EmployeeDeleteTest" time="36.618"/>
  <testcase name="logoutWebApp" classname="logout.test.LogoutTest" time="7.714"/>
</testsuite>