<?xml version="1.0" encoding="UTF-8"?>
<!-- Generated by org.testng.reporters.JUnitReportReporter -->
<testsuite hostname="MacBook-Pro-di-fabio.local" failures="0" tests="1" name="employee.test.EmployeeDeleteTest" time="36.619" errors="0" timestamp="07 Oct 2018 22:15:19 GMT" skipped="0">
  <testcase classname="employee.test.EmployeeDeleteTest" name="employeeDelete" time="36.619"/>
</testsuite> <!-- employee.test.EmployeeDeleteTest -->
