<?xml version="1.0" encoding="UTF-8"?>
<!-- Generated by org.testng.reporters.JUnitReportReporter -->
<testsuite hostname="MacBook-Pro-di-fabio.local" failures="0" tests="1" name="login.test.LoginValidPasswordNoUsernameTest" time="7.697" errors="0" timestamp="07 Oct 2018 22:15:19 GMT" skipped="0">
  <testcase classname="login.test.LoginValidPasswordNoUsernameTest" name="loginWithValidPasswordWithoutUsername" time="7.697"/>
</testsuite> <!-- login.test.LoginValidPasswordNoUsernameTest -->
